Arguments: 
  /Users/tiptopcoder/.nvm/versions/node/v12.10.0/bin/node /usr/local/Cellar/yarn/1.21.1/libexec/bin/yarn.js init

PATH: 
  /Users/tiptopcoder/Desktop/google-cloud-sdk/bin:/Users/tiptopcoder/.nvm/versions/node/v12.10.0/bin:/usr/local/opt/openssl/bin:/Users/tiptopcoder/.rbenv/shims:/usr/local/opt/php@7.2/bin:/usr/local/bin:/usr/bin:/bin:/usr/sbin:/sbin:/usr/local/share/dotnet:~/.dotnet/tools:/Library/Frameworks/Mono.framework/Versions/Current/Commands:/Applications/Wireshark.app/Contents/MacOS:/Applications/Xamarin Workbooks.app/Contents/SharedSupport/path-bin:/Users/tiptopcoder/Desktop/google-cloud-sdk/bin:/Users/tiptopcoder/.nvm/versions/node/v12.10.0/bin:/usr/local/opt/openssl/bin:/Users/tiptopcoder/.rbenv/shims:/usr/local/opt/php@7.2/bin:/Users/tiptopcoder/Library/Python/2.7/bin:/Users/tiptopcoder/Library/Android/sdk/emulator:/Users/tiptopcoder/Library/Android/sdk/tools:/Users/tiptopcoder/Library/Android/sdk/tools/bin:/Users/tiptopcoder/Library/Android/sdk/platform-tools:/Users/tiptopcoder/Library/Python/2.7/bin:/Users/tiptopcoder/Library/Android/sdk/emulator:/Users/tiptopcoder/Library/Android/sdk/tools:/Users/tiptopcoder/Library/Android/sdk/tools/bin:/Users/tiptopcoder/Library/Android/sdk/platform-tools

Yarn version: 
  1.21.1

Node version: 
  12.10.0

Platform: 
  darwin x64

Trace: 
  Error: canceled
      at Interface.<anonymous> (/usr/local/Cellar/yarn/1.21.1/libexec/lib/cli.js:136925:13)
      at Interface.emit (events.js:209:13)
      at Interface._ttyWrite (readline.js:887:16)
      at ReadStream.onkeypress (readline.js:191:10)
      at ReadStream.emit (events.js:209:13)
      at emitKeys (internal/readline/utils.js:433:14)
      at emitKeys.next (<anonymous>)
      at ReadStream.onData (readline.js:1153:36)
      at ReadStream.emit (events.js:209:13)
      at addChunk (_stream_readable.js:305:12)

npm manifest: 
  No manifest

yarn manifest: 
  No manifest

Lockfile: 
  No lockfile
